2023-03-27 05:24:12,378 INFO CONNECTING TO DATABASE    
2023-03-27 05:24:12,407 INFO CREATING DB IF NOT EXIST
2023-03-27 05:24:12,407 INFO CREATING TABLE IF NOT EXIST
2023-03-27 05:24:15,679 INFO INSERTING DATA INTO DATABASE
2023-03-27 05:24:32,348 ERROR There is some error
2023-03-27 05:30:03,126 INFO this is a start of a write operation
2023-03-27 05:30:03,127 INFO complete write operation
2023-03-27 05:30:03,127 INFO this is a start of a write operation
2023-03-27 05:30:03,127 INFO complete write operation
2023-03-27 05:30:03,127 INFO this is a start of a read operation
2023-03-27 05:30:03,127 INFO inside try block of read fn
2023-03-27 05:30:03,127 INFO i m able to read the file
2023-03-27 05:35:46,358 INFO this is start of addition fn
2023-03-27 05:35:46,358 INFO inside try block of addition fn
2023-03-27 05:35:46,358 INFO this is start of subtraction fn
2023-03-27 05:35:46,358 INFO inside try block of subtraction fn
2023-03-27 05:35:46,359 INFO this is start of multipy fn
2023-03-27 05:35:46,359 INFO inside try block of multipy fn
2023-03-27 05:35:46,359 INFO this is start of division fn
2023-03-27 05:35:46,359 INFO inside try block of division fn
2023-03-27 05:35:46,359 INFO this is start of logarithm fn
2023-03-27 05:35:46,359 INFO inside try block of logarithm fn
2023-03-27 06:08:36,346 DEBUG diff parser start
2023-03-27 06:08:36,346 DEBUG line_lengths old: 55; new: 1
2023-03-27 06:08:36,346 DEBUG -> code[replace] old[1:55] new[1:1]
2023-03-27 06:08:36,347 DEBUG parse_part from 1 to 1 (to 0 in part parser)
2023-03-27 06:08:36,347 DEBUG diff parser end
2023-03-27 06:08:42,729 DEBUG diff parser start
2023-03-27 06:08:42,729 DEBUG line_lengths old: 1; new: 1
2023-03-27 06:08:42,729 DEBUG -> code[replace] old[1:1] new[1:1]
2023-03-27 06:08:42,730 DEBUG parse_part from 1 to 1 (to 0 in part parser)
2023-03-27 06:08:42,730 DEBUG diff parser end
2023-03-27 06:09:13,219 DEBUG diff parser start
2023-03-27 06:09:13,219 DEBUG line_lengths old: 1; new: 1
2023-03-27 06:09:13,219 DEBUG -> code[replace] old[1:1] new[1:1]
2023-03-27 06:09:13,220 DEBUG parse_part from 1 to 1 (to 0 in part parser)
2023-03-27 06:09:13,220 DEBUG diff parser end
